--------- beginning of main
08-04 00:07:35.202 D/MainActivity( 5498): Main Activity Paused
08-04 00:07:35.202 D/MainActivity( 5498): TTS stopped due to app backgrounding
08-04 00:07:35.311 D/MainActivity( 5498): Main Activity Destroyed
08-04 00:07:41.159 D/MainActivity( 6318): === INTENT ANALYSIS (onCreate) ===
08-04 00:07:41.159 D/MainActivity( 6318): Basic Intent: Intent { act=android.intent.action.MAIN cat=[android.intent.category.LAUNCHER] flg=0x10200000 xflg=0x4 pkg=com.example.whiz cmp=com.example.whiz/.MainActivity bnds=[656,1163][824,1433] }
08-04 00:07:41.159 D/MainActivity( 6318): Action: android.intent.action.MAIN
08-04 00:07:41.159 D/MainActivity( 6318): Categories: {android.intent.category.LAUNCHER}
08-04 00:07:41.159 D/MainActivity( 6318): Package: com.example.whiz
08-04 00:07:41.159 D/MainActivity( 6318): Component: ComponentInfo{com.example.whiz/com.example.whiz.MainActivity}
08-04 00:07:41.159 D/MainActivity( 6318): Flags: 10200000
08-04 00:07:41.159 D/MainActivity( 6318): No intent extras
08-04 00:07:41.159 D/MainActivity( 6318): Referrer: null
08-04 00:07:41.160 D/MainActivity( 6318): Calling Package: null
08-04 00:07:41.160 D/MainActivity( 6318): Calling Activity: null
08-04 00:07:41.160 D/MainActivity( 6318): Voice launch detection:
08-04 00:07:41.160 D/MainActivity( 6318):   Has trace ID: false (traceId: 0) ← PRIMARY
08-04 00:07:41.160 D/MainActivity( 6318):   Voice flags: false (flags: 0x10200000) ← SECONDARY
08-04 00:07:41.160 D/MainActivity( 6318):   No bounds: false (bounds: Rect(656, 1163 - 824, 1433)) ← TERTIARY
08-04 00:07:41.160 D/MainActivity( 6318):   FINAL DECISION: Voice launch = false
08-04 00:07:41.160 D/MainActivity( 6318): Likely voice launch: false
08-04 00:07:41.160 D/MainActivity( 6318): === END INTENT ANALYSIS ===
08-04 00:07:41.188 D/MainActivity( 6318): Main Activity Resumed
08-04 00:07:41.188 D/MainActivity( 6318): 🔍 RESUME DEBUG: Checking intent state after returning from background
08-04 00:07:41.188 D/MainActivity( 6318): 🔍 RESUME DEBUG: Intent = Intent { act=android.intent.action.MAIN cat=[android.intent.category.LAUNCHER] flg=0x10200000 xflg=0x4 pkg=com.example.whiz cmp=com.example.whiz/.MainActivity bnds=[656,1163][824,1433] }
08-04 00:07:41.188 D/MainActivity( 6318): 🔍 RESUME DEBUG: CREATE_NEW_CHAT_ON_START = false
08-04 00:07:41.188 D/MainActivity( 6318): 🔍 RESUME DEBUG: FROM_ASSISTANT = false
08-04 00:07:41.188 D/MainActivity( 6318): 🔍 RESUME DEBUG: ENABLE_VOICE_MODE = false
08-04 00:07:41.188 D/MainActivity( 6318): 🔍 RESUME DEBUG: NAVIGATE_TO_CHAT_ID = -1
08-04 00:07:41.301 D/MainActivity( 6318): 🔍 handleIntentNavigation called - using getIntent(): Intent { act=android.intent.action.MAIN cat=[android.intent.category.LAUNCHER] flg=0x10200000 xflg=0x4 pkg=com.example.whiz cmp=com.example.whiz/.MainActivity bnds=[656,1163][824,1433] }
08-04 00:07:41.301 D/MainActivity( 6318): 🔍 DEBUG: CREATE_NEW_CHAT_ON_START flag at start of handleIntentNavigation: false
08-04 00:07:41.301 D/MainActivity( 6318): 🔍 handleIntentNavigation called from: access$handleIntentNavigation
08-04 00:07:41.301 D/MainActivity( 6318): Power button handling - fromPowerButton: false, transcription: null, enableVoiceMode: false
08-04 00:07:41.301 D/MainActivity( 6318): Skipping power button handling - fromPowerButton: false, transcription: null, navController initialized: true
