
com.example.whiz.connection.ConnectionRetryTest:....
com.example.whiz.di.TestModulesTest:.
com.example.whiz.integration.AppLifecycleIntegrationTest:.....
com.example.whiz.integration.AppStateMonitoringTest:....
com.example.whiz.integration.AuthenticationDebugTest:..
com.example.whiz.integration.MessageDisplayAndLifecycleTest:.........
com.example.whiz.integration.MessageFlowIntegrationTest:......
com.example.whiz.integration.RealAppLifecycleIntegrationTest:..
Error in realApp_permissionDialog_behavesCorrectly(com.example.whiz.integration.RealAppLifecycleIntegrationTest):
java.lang.AssertionError: App should show either permission dialog or main interface
	at org.junit.Assert.fail(Assert.java:89)
	at org.junit.Assert.assertTrue(Assert.java:42)
	at com.example.whiz.integration.RealAppLifecycleIntegrationTest$realApp_permissionDialog_behavesCorrectly$1.invokeSuspend(RealAppLifecycleIntegrationTest.kt:318)
	at kotlin.coroutines.jvm.internal.BaseContinuationImpl.resumeWith(ContinuationImpl.kt:33)
	at kotlinx.coroutines.DispatchedTask.run(DispatchedTask.kt:104)
	at kotlinx.coroutines.EventLoopImplBase.processNextEvent(EventLoop.common.kt:277)
	at kotlinx.coroutines.BlockingCoroutine.joinBlocking(Builders.kt:95)
	at kotlinx.coroutines.BuildersKt__BuildersKt.runBlocking(Builders.kt:69)
	at kotlinx.coroutines.BuildersKt.runBlocking(Unknown Source:1)
	at kotlinx.coroutines.BuildersKt__BuildersKt.runBlocking$default(Builders.kt:48)
	at kotlinx.coroutines.BuildersKt.runBlocking$default(Unknown Source:1)
	at com.example.whiz.integration.RealAppLifecycleIntegrationTest.realApp_permissionDialog_behavesCorrectly(RealAppLifecycleIntegrationTest.kt:297)
..
com.example.whiz.ui.screens.AppStartupAuthTest:...
com.example.whiz.ui.screens.ChatScreenTest:..........................
com.example.whiz.ui.screens.ChatsListScreenTest:....
com.example.whiz.ui.screens.LoginScreenRealAuthTest:..
com.example.whiz.ui.screens.LoginScreenTest:...
com.example.whiz.ui.screens.MicrophonePermissionIntegrationTest:INSTRUMENTATION_RESULT: shortMsg=Process crashed.
INSTRUMENTATION_CODE: 0
